<?xml version="1.0" encoding="UTF-8"?>
<!-- Generated by org.testng.reporters.JUnitXMLReporter -->
<testsuite ignored="0" hostname="GJ-VT-PC" failures="1" tests="4" name="ChromeTest" time="26.94" errors="0" timestamp="2021-11-26T09:23:27 IST">
  <testcase classname="com.qa.testscripts.TC_AmazonSearch_001" name="searchItem" time="3.665"/>
  <testcase classname="com.qa.testscripts.TC_AmazonSearch_001" name="searchItem" time="0.092">
    <failure type="org.openqa.selenium.NoSuchElementException" message="Cannot locate element with text: Mobiles
For documentation on this error, please visit: https://www.seleniumhq.org/exceptions/no_such_element.html
Build info: version: &amp;apos;3.141.59&amp;apos;, revision: &amp;apos;e82be7d358&amp;apos;, time: &amp;apos;2018-11-14T08:17:03&amp;apos;
System info: host: &amp;apos;GJ-VT-PC&amp;apos;, ip: &amp;apos;192.168.43.120&amp;apos;, os.name: &amp;apos;Windows 10&amp;apos;, os.arch: &amp;apos;amd64&amp;apos;, os.version: &amp;apos;10.0&amp;apos;, java.version: &amp;apos;15.0.2&amp;apos;
Driver info: driver.version: unknown">
      <![CDATA[org.openqa.selenium.NoSuchElementException: Cannot locate element with text: Mobiles
For documentation on this error, please visit: https://www.seleniumhq.org/exceptions/no_such_element.html
Build info: version: '3.141.59', revision: 'e82be7d358', time: '2018-11-14T08:17:03'
System info: host: 'GJ-VT-PC', ip: '192.168.43.120', os.name: 'Windows 10', os.arch: 'amd64', os.version: '10.0', java.version: '15.0.2'
Driver info: driver.version: unknown
at org.openqa.selenium.support.ui.Select.selectByVisibleText(Select.java:147)
at com.qa.testscripts.TC_AmazonSearch_001.searchItem(TC_AmazonSearch_001.java:21)
at java.base/java.util.concurrent.ThreadPoolExecutor.runWorker(ThreadPoolExecutor.java:1130)
at java.base/java.util.concurrent.ThreadPoolExecutor$Worker.run(ThreadPoolExecutor.java:630)
at java.base/java.lang.Thread.run(Thread.java:832)
... Removed 12 stack frames]]>
    </failure>
  </testcase> <!-- searchItem -->
  <testcase classname="com.qa.testscripts.TC_AmazonSearch_001" name="searchItem" time="3.77"/>
  <testcase classname="com.qa.testscripts.TC_AmazonSearch_001" name="searchItem" time="3.089"/>
</testsuite> <!-- ChromeTest -->
