<html>
<head>
<title>TestNG:  ChromeTest</title>
<link href="../testng.css" rel="stylesheet" type="text/css" />
<link href="../my-testng.css" rel="stylesheet" type="text/css" />

<style type="text/css">
.log { display: none;} 
.stack-trace { display: none;} 
</style>
<script type="text/javascript">
<!--
function flip(e) {
  current = e.style.display;
  if (current == 'block') {
    e.style.display = 'none';
    return 0;
  }
  else {
    e.style.display = 'block';
    return 1;
  }
}

function toggleBox(szDivId, elem, msg1, msg2)
{
  var res = -1;  if (document.getElementById) {
    res = flip(document.getElementById(szDivId));
  }
  else if (document.all) {
    // this is the way old msie versions work
    res = flip(document.all[szDivId]);
  }
  if(elem) {
    if(res == 0) elem.innerHTML = msg1; else elem.innerHTML = msg2;
  }

}

function toggleAllBoxes() {
  if (document.getElementsByTagName) {
    d = document.getElementsByTagName('div');
    for (i = 0; i < d.length; i++) {
      if (d[i].className == 'log') {
        flip(d[i]);
      }
    }
  }
}

// -->
</script>

</head>
<body>
<h2 align='center'>ChromeTest</h2><table border='1' align="center">
<tr>
<td>Tests passed/Failed/Skipped:</td><td>3/1/0</td>
</tr><tr>
<td>Started on:</td><td>Fri Nov 26 09:23:00 IST 2021</td>
</tr>
<tr><td>Total time:</td><td>26 seconds (26940 ms)</td>
</tr><tr>
<td>Included groups:</td><td></td>
</tr><tr>
<td>Excluded groups:</td><td></td>
</tr>
</table><p/>
<small><i>(Hover the method name to see the test class name)</i></small><p/>
<table width='100%' border='1' class='invocation-failed'>
<tr><td colspan='4' align='center'><b>FAILED TESTS</b></td></tr>
<tr><td><b>Test method</b></td>
<td width="30%"><b>Exception</b></td>
<td width="10%"><b>Time (seconds)</b></td>
<td><b>Instance</b></td>
</tr>
<tr>
<td title='com.qa.testscripts.TC_AmazonSearch_001.searchItem()'><b>searchItem</b><br>Test class: com.qa.testscripts.TC_AmazonSearch_001<br>Parameters: Mobiles, smart watch</td>
<td><div><pre>org.openqa.selenium.NoSuchElementException: Cannot locate element with text: Mobiles
For documentation on this error, please visit: https://www.seleniumhq.org/exceptions/no_such_element.html
Build info: version: &apos;3.141.59&apos;, revision: &apos;e82be7d358&apos;, time: &apos;2018-11-14T08:17:03&apos;
System info: host: &apos;GJ-VT-PC&apos;, ip: &apos;192.168.43.120&apos;, os.name: &apos;Windows 10&apos;, os.arch: &apos;amd64&apos;, os.version: &apos;10.0&apos;, java.version: &apos;15.0.2&apos;
Driver info: driver.version: unknown
	at org.openqa.selenium.support.ui.Select.selectByVisibleText(Select.java:147)
	at com.qa.testscripts.TC_AmazonSearch_001.searchItem(TC_AmazonSearch_001.java:21)
	at java.base/java.util.concurrent.ThreadPoolExecutor.runWorker(ThreadPoolExecutor.java:1130)
	at java.base/java.util.concurrent.ThreadPoolExecutor$Worker.run(ThreadPoolExecutor.java:630)
	at java.base/java.lang.Thread.run(Thread.java:832)
... Removed 12 stack frames</pre></div><a href='#' onClick='toggleBox("stack-trace241237488", this, "Click to show all stack frames", "Click to hide stack frames")'>Click to show all stack frames</a>
<div class='stack-trace' id='stack-trace241237488'><pre>org.openqa.selenium.NoSuchElementException: Cannot locate element with text: Mobiles
For documentation on this error, please visit: https://www.seleniumhq.org/exceptions/no_such_element.html
Build info: version: &apos;3.141.59&apos;, revision: &apos;e82be7d358&apos;, time: &apos;2018-11-14T08:17:03&apos;
System info: host: &apos;GJ-VT-PC&apos;, ip: &apos;192.168.43.120&apos;, os.name: &apos;Windows 10&apos;, os.arch: &apos;amd64&apos;, os.version: &apos;10.0&apos;, java.version: &apos;15.0.2&apos;
Driver info: driver.version: unknown
	at org.openqa.selenium.support.ui.Select.selectByVisibleText(Select.java:147)
	at com.qa.testscripts.TC_AmazonSearch_001.searchItem(TC_AmazonSearch_001.java:21)
	at java.base/jdk.internal.reflect.NativeMethodAccessorImpl.invoke0(Native Method)
	at java.base/jdk.internal.reflect.NativeMethodAccessorImpl.invoke(NativeMethodAccessorImpl.java:64)
	at java.base/jdk.internal.reflect.DelegatingMethodAccessorImpl.invoke(DelegatingMethodAccessorImpl.java:43)
	at java.base/java.lang.reflect.Method.invoke(Method.java:564)
	at org.testng.internal.MethodInvocationHelper.invokeMethod(MethodInvocationHelper.java:133)
	at org.testng.internal.TestInvoker.invokeMethod(TestInvoker.java:598)
	at org.testng.internal.TestInvoker.invokeTestMethod(TestInvoker.java:173)
	at org.testng.internal.MethodRunner.runInSequence(MethodRunner.java:46)
	at org.testng.internal.TestInvoker$MethodInvocationAgent.invoke(TestInvoker.java:824)
	at org.testng.internal.TestInvoker.invokeTestMethods(TestInvoker.java:146)
	at org.testng.internal.TestMethodWorker.invokeTestMethods(TestMethodWorker.java:146)
	at org.testng.internal.TestMethodWorker.run(TestMethodWorker.java:128)
	at java.base/java.util.concurrent.ThreadPoolExecutor.runWorker(ThreadPoolExecutor.java:1130)
	at java.base/java.util.concurrent.ThreadPoolExecutor$Worker.run(ThreadPoolExecutor.java:630)
	at java.base/java.lang.Thread.run(Thread.java:832)
</pre></div></td>
<td>0</td>
<td>com.qa.testscripts.TC_AmazonSearch_001@10d307f1</td></tr>
</table><p>
<table width='100%' border='1' class='invocation-passed'>
<tr><td colspan='4' align='center'><b>PASSED TESTS</b></td></tr>
<tr><td><b>Test method</b></td>
<td width="30%"><b>Exception</b></td>
<td width="10%"><b>Time (seconds)</b></td>
<td><b>Instance</b></td>
</tr>
<tr>
<td title='com.qa.testscripts.TC_AmazonSearch_001.searchItem()'><b>searchItem</b><br>Test class: com.qa.testscripts.TC_AmazonSearch_001<br>Parameters: Furniture, table<br/>
<a href="#Output-10989327" onClick='toggleBox("Output-10989327", this, "Show output", "Hide output");'>Show output</a>

<a href="#Output-10989327" onClick="toggleAllBoxes();">Show all outputs</a>
<div class='log' id="Output-10989327">
Amazon.in : table<br/>
Incorrect title<br/>
</div>
</td>
<td></td>
<td>3</td>
<td>com.qa.testscripts.TC_AmazonSearch_001@10d307f1</td></tr>
<tr>
<td title='com.qa.testscripts.TC_AmazonSearch_001.searchItem()'><b>searchItem</b><br>Test class: com.qa.testscripts.TC_AmazonSearch_001<br>Parameters: Books, gunaseelan<br/>
<a href="#Output-287720398" onClick='toggleBox("Output-287720398", this, "Show output", "Hide output");'>Show output</a>

<a href="#Output-287720398" onClick="toggleAllBoxes();">Show all outputs</a>
<div class='log' id="Output-287720398">
Amazon.in : gunaseelan<br/>
Incorrect title<br/>
</div>
</td>
<td></td>
<td>3</td>
<td>com.qa.testscripts.TC_AmazonSearch_001@10d307f1</td></tr>
<tr>
<td title='com.qa.testscripts.TC_AmazonSearch_001.searchItem()'><b>searchItem</b><br>Test class: com.qa.testscripts.TC_AmazonSearch_001<br>Parameters: Books, gauti<br/>
<a href="#Output-1777665801" onClick='toggleBox("Output-1777665801", this, "Show output", "Hide output");'>Show output</a>

<a href="#Output-1777665801" onClick="toggleAllBoxes();">Show all outputs</a>
<div class='log' id="Output-1777665801">
Amazon.in : gauti<br/>
Incorrect title<br/>
</div>
</td>
<td></td>
<td>3</td>
<td>com.qa.testscripts.TC_AmazonSearch_001@10d307f1</td></tr>
</table><p>
</body>
</html>